
CommandNotFoundError: Your shell has not been properly configured to use 'conda deactivate'.
To initialize your shell, run

    $ conda init <SHELL_NAME>

Currently supported shells are:
  - bash
  - fish
  - tcsh
  - xonsh
  - zsh
  - powershell

See 'conda init --help' for more information and options.

IMPORTANT: You may need to close and restart your shell after running 'conda init'.



CommandNotFoundError: Your shell has not been properly configured to use 'conda deactivate'.
To initialize your shell, run

    $ conda init <SHELL_NAME>

Currently supported shells are:
  - bash
  - fish
  - tcsh
  - xonsh
  - zsh
  - powershell

See 'conda init --help' for more information and options.

IMPORTANT: You may need to close and restart your shell after running 'conda init'.


WARNING:py.warnings:/projects/aohe7145/software/anaconda/envs/wind_forecasting_env/lib/python3.12/site-packages/h5pyd/version.py:23: DeprecationWarning: distutils Version classes are deprecated. Use packaging.version instead.
  _exp = _sv(version)

WARNING:py.warnings:/projects/aohe7145/software/anaconda/envs/wind_forecasting_env/lib/python3.12/site-packages/h5pyd/version.py:23: DeprecationWarning: distutils Version classes are deprecated. Use packaging.version instead.
  _exp = _sv(version)

WARNING:py.warnings:/projects/aohe7145/software/anaconda/envs/wind_forecasting_env/lib/python3.12/site-packages/h5pyd/version.py:23: DeprecationWarning: distutils Version classes are deprecated. Use packaging.version instead.
  _exp = _sv(version)

WARNING:py.warnings:/projects/aohe7145/software/anaconda/envs/wind_forecasting_env/lib/python3.12/site-packages/h5pyd/version.py:23: DeprecationWarning: distutils Version classes are deprecated. Use packaging.version instead.
  _exp = _sv(version)

WARNING:py.warnings:/projects/aohe7145/software/anaconda/envs/wind_forecasting_env/lib/python3.12/site-packages/h5pyd/version.py:23: DeprecationWarning: distutils Version classes are deprecated. Use packaging.version instead.
  _exp = _sv(version)

WARNING:py.warnings:/projects/aohe7145/software/anaconda/envs/wind_forecasting_env/lib/python3.12/site-packages/h5pyd/version.py:23: DeprecationWarning: distutils Version classes are deprecated. Use packaging.version instead.
  _exp = _sv(version)

WARNING:py.warnings:/projects/aohe7145/software/anaconda/envs/wind_forecasting_env/lib/python3.12/site-packages/h5pyd/version.py:23: DeprecationWarning: distutils Version classes are deprecated. Use packaging.version instead.
  _exp = _sv(version)

WARNING:py.warnings:/projects/aohe7145/software/anaconda/envs/wind_forecasting_env/lib/python3.12/site-packages/h5pyd/version.py:23: DeprecationWarning: distutils Version classes are deprecated. Use packaging.version instead.
  _exp = _sv(version)

WARNING:py.warnings:/projects/aohe7145/software/anaconda/envs/wind_forecasting_env/lib/python3.12/site-packages/h5pyd/version.py:23: DeprecationWarning: distutils Version classes are deprecated. Use packaging.version instead.
  _exp = _sv(version)

WARNING:py.warnings:/projects/aohe7145/software/anaconda/envs/wind_forecasting_env/lib/python3.12/site-packages/h5pyd/version.py:23: DeprecationWarning: distutils Version classes are deprecated. Use packaging.version instead.
  _exp = _sv(version)

WARNING:py.warnings:/projects/aohe7145/software/anaconda/envs/wind_forecasting_env/lib/python3.12/site-packages/h5pyd/version.py:23: DeprecationWarning: distutils Version classes are deprecated. Use packaging.version instead.
  _exp = _sv(version)

WARNING:py.warnings:/projects/aohe7145/software/anaconda/envs/wind_forecasting_env/lib/python3.12/site-packages/h5pyd/version.py:23: DeprecationWarning: distutils Version classes are deprecated. Use packaging.version instead.
  _exp = _sv(version)

WARNING:py.warnings:/projects/aohe7145/software/anaconda/envs/wind_forecasting_env/lib/python3.12/site-packages/h5pyd/version.py:23: DeprecationWarning: distutils Version classes are deprecated. Use packaging.version instead.
  _exp = _sv(version)

WARNING:py.warnings:/projects/aohe7145/software/anaconda/envs/wind_forecasting_env/lib/python3.12/site-packages/h5pyd/version.py:23: DeprecationWarning: distutils Version classes are deprecated. Use packaging.version instead.
  _exp = _sv(version)

WARNING:py.warnings:/projects/aohe7145/software/anaconda/envs/wind_forecasting_env/lib/python3.12/site-packages/h5pyd/version.py:23: DeprecationWarning: distutils Version classes are deprecated. Use packaging.version instead.
  _exp = _sv(version)

WARNING:py.warnings:/projects/aohe7145/software/anaconda/envs/wind_forecasting_env/lib/python3.12/site-packages/h5pyd/version.py:23: DeprecationWarning: distutils Version classes are deprecated. Use packaging.version instead.
  _exp = _sv(version)

WARNING:py.warnings:/projects/aohe7145/software/anaconda/envs/wind_forecasting_env/lib/python3.12/site-packages/h5pyd/version.py:23: DeprecationWarning: distutils Version classes are deprecated. Use packaging.version instead.
  _exp = _sv(version)

WARNING:py.warnings:/projects/aohe7145/software/anaconda/envs/wind_forecasting_env/lib/python3.12/site-packages/h5pyd/version.py:23: DeprecationWarning: distutils Version classes are deprecated. Use packaging.version instead.
  _exp = _sv(version)

WARNING:py.warnings:/projects/aohe7145/software/anaconda/envs/wind_forecasting_env/lib/python3.12/site-packages/h5pyd/version.py:23: DeprecationWarning: distutils Version classes are deprecated. Use packaging.version instead.
  _exp = _sv(version)

WARNING:py.warnings:/projects/aohe7145/software/anaconda/envs/wind_forecasting_env/lib/python3.12/site-packages/h5pyd/version.py:23: DeprecationWarning: distutils Version classes are deprecated. Use packaging.version instead.
  _exp = _sv(version)

WARNING:py.warnings:/projects/aohe7145/software/anaconda/envs/wind_forecasting_env/lib/python3.12/site-packages/h5pyd/version.py:23: DeprecationWarning: distutils Version classes are deprecated. Use packaging.version instead.
  _exp = _sv(version)

WARNING:py.warnings:/projects/aohe7145/software/anaconda/envs/wind_forecasting_env/lib/python3.12/site-packages/h5pyd/version.py:23: DeprecationWarning: distutils Version classes are deprecated. Use packaging.version instead.
  _exp = _sv(version)

WARNING:py.warnings:/projects/aohe7145/software/anaconda/envs/wind_forecasting_env/lib/python3.12/site-packages/h5pyd/version.py:23: DeprecationWarning: distutils Version classes are deprecated. Use packaging.version instead.
  _exp = _sv(version)

WARNING:py.warnings:/projects/aohe7145/software/anaconda/envs/wind_forecasting_env/lib/python3.12/site-packages/h5pyd/version.py:23: DeprecationWarning: distutils Version classes are deprecated. Use packaging.version instead.
  _exp = _sv(version)

WARNING:py.warnings:/projects/aohe7145/software/anaconda/envs/wind_forecasting_env/lib/python3.12/site-packages/h5pyd/version.py:23: DeprecationWarning: distutils Version classes are deprecated. Use packaging.version instead.
  _exp = _sv(version)

WARNING:py.warnings:/projects/aohe7145/software/anaconda/envs/wind_forecasting_env/lib/python3.12/site-packages/h5pyd/version.py:23: DeprecationWarning: distutils Version classes are deprecated. Use packaging.version instead.
  _exp = _sv(version)

WARNING:py.warnings:/projects/aohe7145/software/anaconda/envs/wind_forecasting_env/lib/python3.12/site-packages/h5pyd/version.py:23: DeprecationWarning: distutils Version classes are deprecated. Use packaging.version instead.
  _exp = _sv(version)

WARNING:py.warnings:/projects/aohe7145/software/anaconda/envs/wind_forecasting_env/lib/python3.12/site-packages/h5pyd/version.py:23: DeprecationWarning: distutils Version classes are deprecated. Use packaging.version instead.
  _exp = _sv(version)

WARNING:py.warnings:/projects/aohe7145/software/anaconda/envs/wind_forecasting_env/lib/python3.12/site-packages/h5pyd/version.py:23: DeprecationWarning: distutils Version classes are deprecated. Use packaging.version instead.
  _exp = _sv(version)

WARNING:py.warnings:/projects/aohe7145/software/anaconda/envs/wind_forecasting_env/lib/python3.12/site-packages/h5pyd/version.py:23: DeprecationWarning: distutils Version classes are deprecated. Use packaging.version instead.
  _exp = _sv(version)

WARNING:py.warnings:/projects/aohe7145/software/anaconda/envs/wind_forecasting_env/lib/python3.12/site-packages/h5pyd/version.py:23: DeprecationWarning: distutils Version classes are deprecated. Use packaging.version instead.
  _exp = _sv(version)

WARNING:py.warnings:/projects/aohe7145/software/anaconda/envs/wind_forecasting_env/lib/python3.12/site-packages/h5pyd/version.py:23: DeprecationWarning: distutils Version classes are deprecated. Use packaging.version instead.
  _exp = _sv(version)

WARNING:py.warnings:/projects/aohe7145/software/anaconda/envs/wind_forecasting_env/lib/python3.12/site-packages/h5pyd/version.py:23: DeprecationWarning: distutils Version classes are deprecated. Use packaging.version instead.
  _exp = _sv(version)

WARNING:py.warnings:/projects/aohe7145/software/anaconda/envs/wind_forecasting_env/lib/python3.12/site-packages/h5pyd/version.py:23: DeprecationWarning: distutils Version classes are deprecated. Use packaging.version instead.
  _exp = _sv(version)

WARNING:py.warnings:/projects/aohe7145/software/anaconda/envs/wind_forecasting_env/lib/python3.12/site-packages/h5pyd/version.py:23: DeprecationWarning: distutils Version classes are deprecated. Use packaging.version instead.
  _exp = _sv(version)

WARNING:py.warnings:/projects/aohe7145/software/anaconda/envs/wind_forecasting_env/lib/python3.12/site-packages/h5pyd/version.py:23: DeprecationWarning: distutils Version classes are deprecated. Use packaging.version instead.
  _exp = _sv(version)

WARNING:py.warnings:/projects/aohe7145/software/anaconda/envs/wind_forecasting_env/lib/python3.12/site-packages/h5pyd/version.py:23: DeprecationWarning: distutils Version classes are deprecated. Use packaging.version instead.
  _exp = _sv(version)

WARNING:py.warnings:/projects/aohe7145/software/anaconda/envs/wind_forecasting_env/lib/python3.12/site-packages/h5pyd/version.py:23: DeprecationWarning: distutils Version classes are deprecated. Use packaging.version instead.
  _exp = _sv(version)

WARNING:py.warnings:/projects/aohe7145/software/anaconda/envs/wind_forecasting_env/lib/python3.12/site-packages/h5pyd/version.py:23: DeprecationWarning: distutils Version classes are deprecated. Use packaging.version instead.
  _exp = _sv(version)

WARNING:py.warnings:/projects/aohe7145/software/anaconda/envs/wind_forecasting_env/lib/python3.12/site-packages/h5pyd/version.py:23: DeprecationWarning: distutils Version classes are deprecated. Use packaging.version instead.
  _exp = _sv(version)

WARNING:py.warnings:/projects/aohe7145/software/anaconda/envs/wind_forecasting_env/lib/python3.12/site-packages/h5pyd/version.py:23: DeprecationWarning: distutils Version classes are deprecated. Use packaging.version instead.
  _exp = _sv(version)

WARNING:py.warnings:/projects/aohe7145/software/anaconda/envs/wind_forecasting_env/lib/python3.12/site-packages/h5pyd/version.py:23: DeprecationWarning: distutils Version classes are deprecated. Use packaging.version instead.
  _exp = _sv(version)

WARNING:py.warnings:/projects/aohe7145/software/anaconda/envs/wind_forecasting_env/lib/python3.12/site-packages/h5pyd/version.py:23: DeprecationWarning: distutils Version classes are deprecated. Use packaging.version instead.
  _exp = _sv(version)

WARNING:py.warnings:/projects/aohe7145/software/anaconda/envs/wind_forecasting_env/lib/python3.12/site-packages/h5pyd/version.py:23: DeprecationWarning: distutils Version classes are deprecated. Use packaging.version instead.
  _exp = _sv(version)

WARNING:py.warnings:/projects/aohe7145/software/anaconda/envs/wind_forecasting_env/lib/python3.12/site-packages/h5pyd/version.py:23: DeprecationWarning: distutils Version classes are deprecated. Use packaging.version instead.
  _exp = _sv(version)

WARNING:py.warnings:/projects/aohe7145/software/anaconda/envs/wind_forecasting_env/lib/python3.12/site-packages/h5pyd/version.py:23: DeprecationWarning: distutils Version classes are deprecated. Use packaging.version instead.
  _exp = _sv(version)

WARNING:py.warnings:/projects/aohe7145/software/anaconda/envs/wind_forecasting_env/lib/python3.12/site-packages/h5pyd/version.py:23: DeprecationWarning: distutils Version classes are deprecated. Use packaging.version instead.
  _exp = _sv(version)

WARNING:py.warnings:/projects/aohe7145/software/anaconda/envs/wind_forecasting_env/lib/python3.12/site-packages/h5pyd/version.py:23: DeprecationWarning: distutils Version classes are deprecated. Use packaging.version instead.
  _exp = _sv(version)

WARNING:py.warnings:/projects/aohe7145/software/anaconda/envs/wind_forecasting_env/lib/python3.12/site-packages/h5pyd/version.py:23: DeprecationWarning: distutils Version classes are deprecated. Use packaging.version instead.
  _exp = _sv(version)

WARNING:py.warnings:/projects/aohe7145/software/anaconda/envs/wind_forecasting_env/lib/python3.12/site-packages/h5pyd/version.py:23: DeprecationWarning: distutils Version classes are deprecated. Use packaging.version instead.
  _exp = _sv(version)

WARNING:py.warnings:/projects/aohe7145/software/anaconda/envs/wind_forecasting_env/lib/python3.12/site-packages/h5pyd/version.py:23: DeprecationWarning: distutils Version classes are deprecated. Use packaging.version instead.
  _exp = _sv(version)

WARNING:py.warnings:/projects/aohe7145/software/anaconda/envs/wind_forecasting_env/lib/python3.12/site-packages/h5pyd/version.py:23: DeprecationWarning: distutils Version classes are deprecated. Use packaging.version instead.
  _exp = _sv(version)

WARNING:py.warnings:/projects/aohe7145/software/anaconda/envs/wind_forecasting_env/lib/python3.12/site-packages/h5pyd/version.py:23: DeprecationWarning: distutils Version classes are deprecated. Use packaging.version instead.
  _exp = _sv(version)

WARNING:py.warnings:/projects/aohe7145/software/anaconda/envs/wind_forecasting_env/lib/python3.12/site-packages/h5pyd/version.py:23: DeprecationWarning: distutils Version classes are deprecated. Use packaging.version instead.
  _exp = _sv(version)

WARNING:py.warnings:/projects/aohe7145/software/anaconda/envs/wind_forecasting_env/lib/python3.12/site-packages/h5pyd/version.py:23: DeprecationWarning: distutils Version classes are deprecated. Use packaging.version instead.
  _exp = _sv(version)

WARNING:py.warnings:/projects/aohe7145/software/anaconda/envs/wind_forecasting_env/lib/python3.12/site-packages/h5pyd/version.py:23: DeprecationWarning: distutils Version classes are deprecated. Use packaging.version instead.
  _exp = _sv(version)

WARNING:py.warnings:/projects/aohe7145/software/anaconda/envs/wind_forecasting_env/lib/python3.12/site-packages/h5pyd/version.py:23: DeprecationWarning: distutils Version classes are deprecated. Use packaging.version instead.
  _exp = _sv(version)

WARNING:py.warnings:/projects/aohe7145/software/anaconda/envs/wind_forecasting_env/lib/python3.12/site-packages/h5pyd/version.py:23: DeprecationWarning: distutils Version classes are deprecated. Use packaging.version instead.
  _exp = _sv(version)

WARNING:py.warnings:/projects/aohe7145/software/anaconda/envs/wind_forecasting_env/lib/python3.12/site-packages/h5pyd/version.py:23: DeprecationWarning: distutils Version classes are deprecated. Use packaging.version instead.
  _exp = _sv(version)

WARNING:py.warnings:/projects/aohe7145/software/anaconda/envs/wind_forecasting_env/lib/python3.12/site-packages/h5pyd/version.py:23: DeprecationWarning: distutils Version classes are deprecated. Use packaging.version instead.
  _exp = _sv(version)

WARNING:py.warnings:/projects/aohe7145/software/anaconda/envs/wind_forecasting_env/lib/python3.12/site-packages/h5pyd/version.py:23: DeprecationWarning: distutils Version classes are deprecated. Use packaging.version instead.
  _exp = _sv(version)

WARNING:py.warnings:/projects/aohe7145/software/anaconda/envs/wind_forecasting_env/lib/python3.12/site-packages/h5pyd/version.py:23: DeprecationWarning: distutils Version classes are deprecated. Use packaging.version instead.
  _exp = _sv(version)

WARNING:py.warnings:/projects/aohe7145/software/anaconda/envs/wind_forecasting_env/lib/python3.12/site-packages/h5pyd/version.py:23: DeprecationWarning: distutils Version classes are deprecated. Use packaging.version instead.
  _exp = _sv(version)

WARNING:py.warnings:/projects/aohe7145/software/anaconda/envs/wind_forecasting_env/lib/python3.12/site-packages/h5pyd/version.py:23: DeprecationWarning: distutils Version classes are deprecated. Use packaging.version instead.
  _exp = _sv(version)

Traceback (most recent call last):
  File "/projects/aohe7145/toolboxes/wind-forecasting/wind_forecasting/preprocessing/data_loader.py", line 249, in <module>
Traceback (most recent call last):
  File "/projects/aohe7145/toolboxes/wind-forecasting/wind_forecasting/preprocessing/data_loader.py", line 249, in <module>
Traceback (most recent call last):
  File "/projects/aohe7145/toolboxes/wind-forecasting/wind_forecasting/preprocessing/data_loader.py", line 249, in <module>
Traceback (most recent call last):
  File "/projects/aohe7145/toolboxes/wind-forecasting/wind_forecasting/preprocessing/data_loader.py", line 249, in <module>
Traceback (most recent call last):
  File "/projects/aohe7145/toolboxes/wind-forecasting/wind_forecasting/preprocessing/data_loader.py", line 249, in <module>
Traceback (most recent call last):
  File "/projects/aohe7145/toolboxes/wind-forecasting/wind_forecasting/preprocessing/data_loader.py", line 249, in <module>
Traceback (most recent call last):
  File "/projects/aohe7145/toolboxes/wind-forecasting/wind_forecasting/preprocessing/data_loader.py", line 249, in <module>
Traceback (most recent call last):
  File "/projects/aohe7145/toolboxes/wind-forecasting/wind_forecasting/preprocessing/data_loader.py", line 249, in <module>
Traceback (most recent call last):
  File "/projects/aohe7145/toolboxes/wind-forecasting/wind_forecasting/preprocessing/data_loader.py", line 249, in <module>
Traceback (most recent call last):
  File "/projects/aohe7145/toolboxes/wind-forecasting/wind_forecasting/preprocessing/data_loader.py", line 249, in <module>
Traceback (most recent call last):
  File "/projects/aohe7145/toolboxes/wind-forecasting/wind_forecasting/preprocessing/data_loader.py", line 249, in <module>
Traceback (most recent call last):
  File "/projects/aohe7145/toolboxes/wind-forecasting/wind_forecasting/preprocessing/data_loader.py", line 249, in <module>
Traceback (most recent call last):
  File "/projects/aohe7145/toolboxes/wind-forecasting/wind_forecasting/preprocessing/data_loader.py", line 249, in <module>
Traceback (most recent call last):
  File "/projects/aohe7145/toolboxes/wind-forecasting/wind_forecasting/preprocessing/data_loader.py", line 249, in <module>
Traceback (most recent call last):
  File "/projects/aohe7145/toolboxes/wind-forecasting/wind_forecasting/preprocessing/data_loader.py", line 249, in <module>
Traceback (most recent call last):
  File "/projects/aohe7145/toolboxes/wind-forecasting/wind_forecasting/preprocessing/data_loader.py", line 249, in <module>
Traceback (most recent call last):
  File "/projects/aohe7145/toolboxes/wind-forecasting/wind_forecasting/preprocessing/data_loader.py", line 249, in <module>
Traceback (most recent call last):
  File "/projects/aohe7145/toolboxes/wind-forecasting/wind_forecasting/preprocessing/data_loader.py", line 249, in <module>
Traceback (most recent call last):
  File "/projects/aohe7145/toolboxes/wind-forecasting/wind_forecasting/preprocessing/data_loader.py", line 249, in <module>
Traceback (most recent call last):
  File "/projects/aohe7145/toolboxes/wind-forecasting/wind_forecasting/preprocessing/data_loader.py", line 249, in <module>
Traceback (most recent call last):
  File "/projects/aohe7145/toolboxes/wind-forecasting/wind_forecasting/preprocessing/data_loader.py", line 249, in <module>
Traceback (most recent call last):
  File "/projects/aohe7145/toolboxes/wind-forecasting/wind_forecasting/preprocessing/data_loader.py", line 249, in <module>
Traceback (most recent call last):
  File "/projects/aohe7145/toolboxes/wind-forecasting/wind_forecasting/preprocessing/data_loader.py", line 249, in <module>
Traceback (most recent call last):
  File "/projects/aohe7145/toolboxes/wind-forecasting/wind_forecasting/preprocessing/data_loader.py", line 249, in <module>
Traceback (most recent call last):
  File "/projects/aohe7145/toolboxes/wind-forecasting/wind_forecasting/preprocessing/data_loader.py", line 249, in <module>
Traceback (most recent call last):
  File "/projects/aohe7145/toolboxes/wind-forecasting/wind_forecasting/preprocessing/data_loader.py", line 249, in <module>
Traceback (most recent call last):
  File "/projects/aohe7145/toolboxes/wind-forecasting/wind_forecasting/preprocessing/data_loader.py", line 249, in <module>
Traceback (most recent call last):
  File "/projects/aohe7145/toolboxes/wind-forecasting/wind_forecasting/preprocessing/data_loader.py", line 249, in <module>
Traceback (most recent call last):
  File "/projects/aohe7145/toolboxes/wind-forecasting/wind_forecasting/preprocessing/data_loader.py", line 249, in <module>
Traceback (most recent call last):
  File "/projects/aohe7145/toolboxes/wind-forecasting/wind_forecasting/preprocessing/data_loader.py", line 249, in <module>
Traceback (most recent call last):
  File "/projects/aohe7145/toolboxes/wind-forecasting/wind_forecasting/preprocessing/data_loader.py", line 249, in <module>
Traceback (most recent call last):
  File "/projects/aohe7145/toolboxes/wind-forecasting/wind_forecasting/preprocessing/data_loader.py", line 249, in <module>
Traceback (most recent call last):
  File "/projects/aohe7145/toolboxes/wind-forecasting/wind_forecasting/preprocessing/data_loader.py", line 249, in <module>
Traceback (most recent call last):
  File "/projects/aohe7145/toolboxes/wind-forecasting/wind_forecasting/preprocessing/data_loader.py", line 249, in <module>
Traceback (most recent call last):
  File "/projects/aohe7145/toolboxes/wind-forecasting/wind_forecasting/preprocessing/data_loader.py", line 249, in <module>
Traceback (most recent call last):
  File "/projects/aohe7145/toolboxes/wind-forecasting/wind_forecasting/preprocessing/data_loader.py", line 249, in <module>
Traceback (most recent call last):
  File "/projects/aohe7145/toolboxes/wind-forecasting/wind_forecasting/preprocessing/data_loader.py", line 249, in <module>
Traceback (most recent call last):
  File "/projects/aohe7145/toolboxes/wind-forecasting/wind_forecasting/preprocessing/data_loader.py", line 249, in <module>
Traceback (most recent call last):
  File "/projects/aohe7145/toolboxes/wind-forecasting/wind_forecasting/preprocessing/data_loader.py", line 249, in <module>
Traceback (most recent call last):
  File "/projects/aohe7145/toolboxes/wind-forecasting/wind_forecasting/preprocessing/data_loader.py", line 249, in <module>
Traceback (most recent call last):
  File "/projects/aohe7145/toolboxes/wind-forecasting/wind_forecasting/preprocessing/data_loader.py", line 249, in <module>
Traceback (most recent call last):
  File "/projects/aohe7145/toolboxes/wind-forecasting/wind_forecasting/preprocessing/data_loader.py", line 249, in <module>
Traceback (most recent call last):
  File "/projects/aohe7145/toolboxes/wind-forecasting/wind_forecasting/preprocessing/data_loader.py", line 249, in <module>
Traceback (most recent call last):
  File "/projects/aohe7145/toolboxes/wind-forecasting/wind_forecasting/preprocessing/data_loader.py", line 249, in <module>
Traceback (most recent call last):
  File "/projects/aohe7145/toolboxes/wind-forecasting/wind_forecasting/preprocessing/data_loader.py", line 249, in <module>
Traceback (most recent call last):
  File "/projects/aohe7145/toolboxes/wind-forecasting/wind_forecasting/preprocessing/data_loader.py", line 249, in <module>
Traceback (most recent call last):
  File "/projects/aohe7145/toolboxes/wind-forecasting/wind_forecasting/preprocessing/data_loader.py", line 249, in <module>
Traceback (most recent call last):
  File "/projects/aohe7145/toolboxes/wind-forecasting/wind_forecasting/preprocessing/data_loader.py", line 249, in <module>
Traceback (most recent call last):
  File "/projects/aohe7145/toolboxes/wind-forecasting/wind_forecasting/preprocessing/data_loader.py", line 249, in <module>
Traceback (most recent call last):
  File "/projects/aohe7145/toolboxes/wind-forecasting/wind_forecasting/preprocessing/data_loader.py", line 249, in <module>
Traceback (most recent call last):
  File "/projects/aohe7145/toolboxes/wind-forecasting/wind_forecasting/preprocessing/data_loader.py", line 249, in <module>
Traceback (most recent call last):
  File "/projects/aohe7145/toolboxes/wind-forecasting/wind_forecasting/preprocessing/data_loader.py", line 249, in <module>
Traceback (most recent call last):
  File "/projects/aohe7145/toolboxes/wind-forecasting/wind_forecasting/preprocessing/data_loader.py", line 249, in <module>
Traceback (most recent call last):
  File "/projects/aohe7145/toolboxes/wind-forecasting/wind_forecasting/preprocessing/data_loader.py", line 249, in <module>
Traceback (most recent call last):
  File "/projects/aohe7145/toolboxes/wind-forecasting/wind_forecasting/preprocessing/data_loader.py", line 249, in <module>
Traceback (most recent call last):
  File "/projects/aohe7145/toolboxes/wind-forecasting/wind_forecasting/preprocessing/data_loader.py", line 249, in <module>
Traceback (most recent call last):
  File "/projects/aohe7145/toolboxes/wind-forecasting/wind_forecasting/preprocessing/data_loader.py", line 249, in <module>
Traceback (most recent call last):
  File "/projects/aohe7145/toolboxes/wind-forecasting/wind_forecasting/preprocessing/data_loader.py", line 249, in <module>
Traceback (most recent call last):
  File "/projects/aohe7145/toolboxes/wind-forecasting/wind_forecasting/preprocessing/data_loader.py", line 249, in <module>
Traceback (most recent call last):
  File "/projects/aohe7145/toolboxes/wind-forecasting/wind_forecasting/preprocessing/data_loader.py", line 249, in <module>
Traceback (most recent call last):
  File "/projects/aohe7145/toolboxes/wind-forecasting/wind_forecasting/preprocessing/data_loader.py", line 249, in <module>
Traceback (most recent call last):
  File "/projects/aohe7145/toolboxes/wind-forecasting/wind_forecasting/preprocessing/data_loader.py", line 249, in <module>
Traceback (most recent call last):
  File "/projects/aohe7145/toolboxes/wind-forecasting/wind_forecasting/preprocessing/data_loader.py", line 249, in <module>
Traceback (most recent call last):
  File "/projects/aohe7145/toolboxes/wind-forecasting/wind_forecasting/preprocessing/data_loader.py", line 249, in <module>
    RUN_ONCE = (args.multiprocessor == "mpi" and (comm_rank := MPI.COMM_WORLD.Get_rank()) == 0) or (args.multiprocessor != "mpi") or (args.multiprocessor is None)
                ^^^^
NameError: name 'args' is not defined
    RUN_ONCE = (args.multiprocessor == "mpi" and (comm_rank := MPI.COMM_WORLD.Get_rank()) == 0) or (args.multiprocessor != "mpi") or (args.multiprocessor is None)
                ^^^^
NameError: name 'args' is not defined
    RUN_ONCE = (args.multiprocessor == "mpi" and (comm_rank := MPI.COMM_WORLD.Get_rank()) == 0) or (args.multiprocessor != "mpi") or (args.multiprocessor is None)
                ^^^^
NameError: name 'args' is not defined
    RUN_ONCE = (args.multiprocessor == "mpi" and (comm_rank := MPI.COMM_WORLD.Get_rank()) == 0) or (args.multiprocessor != "mpi") or (args.multiprocessor is None)
                ^^^^
NameError: name 'args' is not defined
    RUN_ONCE = (args.multiprocessor == "mpi" and (comm_rank := MPI.COMM_WORLD.Get_rank()) == 0) or (args.multiprocessor != "mpi") or (args.multiprocessor is None)
                ^^^^
    RUN_ONCE = (args.multiprocessor == "mpi" and (comm_rank := MPI.COMM_WORLD.Get_rank()) == 0) or (args.multiprocessor != "mpi") or (args.multiprocessor is None)
                ^^^^
NameError: name 'args' is not defined
    RUN_ONCE = (args.multiprocessor == "mpi" and (comm_rank := MPI.COMM_WORLD.Get_rank()) == 0) or (args.multiprocessor != "mpi") or (args.multiprocessor is None)
                ^^^^
NameError: name 'args' is not defined
NameError: name 'args' is not defined
    RUN_ONCE = (args.multiprocessor == "mpi" and (comm_rank := MPI.COMM_WORLD.Get_rank()) == 0) or (args.multiprocessor != "mpi") or (args.multiprocessor is None)
                ^^^^
NameError: name 'args' is not defined
    RUN_ONCE = (args.multiprocessor == "mpi" and (comm_rank := MPI.COMM_WORLD.Get_rank()) == 0) or (args.multiprocessor != "mpi") or (args.multiprocessor is None)
                ^^^^
NameError: name 'args' is not defined
    RUN_ONCE = (args.multiprocessor == "mpi" and (comm_rank := MPI.COMM_WORLD.Get_rank()) == 0) or (args.multiprocessor != "mpi") or (args.multiprocessor is None)
                ^^^^
NameError: name 'args' is not defined
    RUN_ONCE = (args.multiprocessor == "mpi" and (comm_rank := MPI.COMM_WORLD.Get_rank()) == 0) or (args.multiprocessor != "mpi") or (args.multiprocessor is None)
                ^^^^
NameError: name 'args' is not defined
    RUN_ONCE = (args.multiprocessor == "mpi" and (comm_rank := MPI.COMM_WORLD.Get_rank()) == 0) or (args.multiprocessor != "mpi") or (args.multiprocessor is None)
                ^^^^
NameError: name 'args' is not defined
    RUN_ONCE = (args.multiprocessor == "mpi" and (comm_rank := MPI.COMM_WORLD.Get_rank()) == 0) or (args.multiprocessor != "mpi") or (args.multiprocessor is None)
                ^^^^
NameError: name 'args' is not defined
    RUN_ONCE = (args.multiprocessor == "mpi" and (comm_rank := MPI.COMM_WORLD.Get_rank()) == 0) or (args.multiprocessor != "mpi") or (args.multiprocessor is None)
                ^^^^
NameError: name 'args' is not defined
    RUN_ONCE = (args.multiprocessor == "mpi" and (comm_rank := MPI.COMM_WORLD.Get_rank()) == 0) or (args.multiprocessor != "mpi") or (args.multiprocessor is None)
                ^^^^
NameError: name 'args' is not defined
    RUN_ONCE = (args.multiprocessor == "mpi" and (comm_rank := MPI.COMM_WORLD.Get_rank()) == 0) or (args.multiprocessor != "mpi") or (args.multiprocessor is None)
                ^^^^
NameError: name 'args' is not defined
    RUN_ONCE = (args.multiprocessor == "mpi" and (comm_rank := MPI.COMM_WORLD.Get_rank()) == 0) or (args.multiprocessor != "mpi") or (args.multiprocessor is None)
                ^^^^
NameError: name 'args' is not defined
    RUN_ONCE = (args.multiprocessor == "mpi" and (comm_rank := MPI.COMM_WORLD.Get_rank()) == 0) or (args.multiprocessor != "mpi") or (args.multiprocessor is None)
                ^^^^
NameError: name 'args' is not defined
    RUN_ONCE = (args.multiprocessor == "mpi" and (comm_rank := MPI.COMM_WORLD.Get_rank()) == 0) or (args.multiprocessor != "mpi") or (args.multiprocessor is None)
                ^^^^
NameError: name 'args' is not defined
    RUN_ONCE = (args.multiprocessor == "mpi" and (comm_rank := MPI.COMM_WORLD.Get_rank()) == 0) or (args.multiprocessor != "mpi") or (args.multiprocessor is None)
                ^^^^
NameError: name 'args' is not defined
    RUN_ONCE = (args.multiprocessor == "mpi" and (comm_rank := MPI.COMM_WORLD.Get_rank()) == 0) or (args.multiprocessor != "mpi") or (args.multiprocessor is None)
                ^^^^
NameError: name 'args' is not defined
    RUN_ONCE = (args.multiprocessor == "mpi" and (comm_rank := MPI.COMM_WORLD.Get_rank()) == 0) or (args.multiprocessor != "mpi") or (args.multiprocessor is None)
                ^^^^
NameError: name 'args' is not defined
    RUN_ONCE = (args.multiprocessor == "mpi" and (comm_rank := MPI.COMM_WORLD.Get_rank()) == 0) or (args.multiprocessor != "mpi") or (args.multiprocessor is None)
                ^^^^
NameError: name 'args' is not defined
    RUN_ONCE = (args.multiprocessor == "mpi" and (comm_rank := MPI.COMM_WORLD.Get_rank()) == 0) or (args.multiprocessor != "mpi") or (args.multiprocessor is None)
                ^^^^
NameError: name 'args' is not defined
    RUN_ONCE = (args.multiprocessor == "mpi" and (comm_rank := MPI.COMM_WORLD.Get_rank()) == 0) or (args.multiprocessor != "mpi") or (args.multiprocessor is None)
                ^^^^
NameError: name 'args' is not defined
    RUN_ONCE = (args.multiprocessor == "mpi" and (comm_rank := MPI.COMM_WORLD.Get_rank()) == 0) or (args.multiprocessor != "mpi") or (args.multiprocessor is None)
                ^^^^
NameError: name 'args' is not defined
    RUN_ONCE = (args.multiprocessor == "mpi" and (comm_rank := MPI.COMM_WORLD.Get_rank()) == 0) or (args.multiprocessor != "mpi") or (args.multiprocessor is None)
                ^^^^
NameError: name 'args' is not defined
    RUN_ONCE = (args.multiprocessor == "mpi" and (comm_rank := MPI.COMM_WORLD.Get_rank()) == 0) or (args.multiprocessor != "mpi") or (args.multiprocessor is None)
                ^^^^
NameError: name 'args' is not defined
    RUN_ONCE = (args.multiprocessor == "mpi" and (comm_rank := MPI.COMM_WORLD.Get_rank()) == 0) or (args.multiprocessor != "mpi") or (args.multiprocessor is None)
                ^^^^
NameError: name 'args' is not defined
    RUN_ONCE = (args.multiprocessor == "mpi" and (comm_rank := MPI.COMM_WORLD.Get_rank()) == 0) or (args.multiprocessor != "mpi") or (args.multiprocessor is None)
                ^^^^
NameError: name 'args' is not defined
    RUN_ONCE = (args.multiprocessor == "mpi" and (comm_rank := MPI.COMM_WORLD.Get_rank()) == 0) or (args.multiprocessor != "mpi") or (args.multiprocessor is None)
                ^^^^
NameError: name 'args' is not defined
    RUN_ONCE = (args.multiprocessor == "mpi" and (comm_rank := MPI.COMM_WORLD.Get_rank()) == 0) or (args.multiprocessor != "mpi") or (args.multiprocessor is None)
                ^^^^
NameError: name 'args' is not defined
    RUN_ONCE = (args.multiprocessor == "mpi" and (comm_rank := MPI.COMM_WORLD.Get_rank()) == 0) or (args.multiprocessor != "mpi") or (args.multiprocessor is None)
                ^^^^
NameError: name 'args' is not defined
    RUN_ONCE = (args.multiprocessor == "mpi" and (comm_rank := MPI.COMM_WORLD.Get_rank()) == 0) or (args.multiprocessor != "mpi") or (args.multiprocessor is None)
                ^^^^
NameError: name 'args' is not defined
    RUN_ONCE = (args.multiprocessor == "mpi" and (comm_rank := MPI.COMM_WORLD.Get_rank()) == 0) or (args.multiprocessor != "mpi") or (args.multiprocessor is None)
                ^^^^
NameError: name 'args' is not defined
    RUN_ONCE = (args.multiprocessor == "mpi" and (comm_rank := MPI.COMM_WORLD.Get_rank()) == 0) or (args.multiprocessor != "mpi") or (args.multiprocessor is None)
                ^^^^
NameError: name 'args' is not defined
    RUN_ONCE = (args.multiprocessor == "mpi" and (comm_rank := MPI.COMM_WORLD.Get_rank()) == 0) or (args.multiprocessor != "mpi") or (args.multiprocessor is None)
                ^^^^
    RUN_ONCE = (args.multiprocessor == "mpi" and (comm_rank := MPI.COMM_WORLD.Get_rank()) == 0) or (args.multiprocessor != "mpi") or (args.multiprocessor is None)
NameError: name 'args' is not defined
                ^^^^
NameError: name 'args' is not defined
    RUN_ONCE = (args.multiprocessor == "mpi" and (comm_rank := MPI.COMM_WORLD.Get_rank()) == 0) or (args.multiprocessor != "mpi") or (args.multiprocessor is None)
                ^^^^
NameError: name 'args' is not defined
    RUN_ONCE = (args.multiprocessor == "mpi" and (comm_rank := MPI.COMM_WORLD.Get_rank()) == 0) or (args.multiprocessor != "mpi") or (args.multiprocessor is None)
                ^^^^
NameError: name 'args' is not defined
    RUN_ONCE = (args.multiprocessor == "mpi" and (comm_rank := MPI.COMM_WORLD.Get_rank()) == 0) or (args.multiprocessor != "mpi") or (args.multiprocessor is None)
                ^^^^
NameError: name 'args' is not defined
    RUN_ONCE = (args.multiprocessor == "mpi" and (comm_rank := MPI.COMM_WORLD.Get_rank()) == 0) or (args.multiprocessor != "mpi") or (args.multiprocessor is None)
                ^^^^
NameError: name 'args' is not defined
    RUN_ONCE = (args.multiprocessor == "mpi" and (comm_rank := MPI.COMM_WORLD.Get_rank()) == 0) or (args.multiprocessor != "mpi") or (args.multiprocessor is None)
                ^^^^
NameError: name 'args' is not defined
    RUN_ONCE = (args.multiprocessor == "mpi" and (comm_rank := MPI.COMM_WORLD.Get_rank()) == 0) or (args.multiprocessor != "mpi") or (args.multiprocessor is None)
                ^^^^
NameError: name 'args' is not defined
    RUN_ONCE = (args.multiprocessor == "mpi" and (comm_rank := MPI.COMM_WORLD.Get_rank()) == 0) or (args.multiprocessor != "mpi") or (args.multiprocessor is None)
                ^^^^
NameError: name 'args' is not defined
    RUN_ONCE = (args.multiprocessor == "mpi" and (comm_rank := MPI.COMM_WORLD.Get_rank()) == 0) or (args.multiprocessor != "mpi") or (args.multiprocessor is None)
                ^^^^
NameError: name 'args' is not defined
    RUN_ONCE = (args.multiprocessor == "mpi" and (comm_rank := MPI.COMM_WORLD.Get_rank()) == 0) or (args.multiprocessor != "mpi") or (args.multiprocessor is None)
                ^^^^
NameError: name 'args' is not defined
    RUN_ONCE = (args.multiprocessor == "mpi" and (comm_rank := MPI.COMM_WORLD.Get_rank()) == 0) or (args.multiprocessor != "mpi") or (args.multiprocessor is None)
                ^^^^
NameError: name 'args' is not defined
    RUN_ONCE = (args.multiprocessor == "mpi" and (comm_rank := MPI.COMM_WORLD.Get_rank()) == 0) or (args.multiprocessor != "mpi") or (args.multiprocessor is None)
                ^^^^
NameError: name 'args' is not defined
    RUN_ONCE = (args.multiprocessor == "mpi" and (comm_rank := MPI.COMM_WORLD.Get_rank()) == 0) or (args.multiprocessor != "mpi") or (args.multiprocessor is None)
                ^^^^
NameError: name 'args' is not defined
    RUN_ONCE = (args.multiprocessor == "mpi" and (comm_rank := MPI.COMM_WORLD.Get_rank()) == 0) or (args.multiprocessor != "mpi") or (args.multiprocessor is None)
                ^^^^
NameError: name 'args' is not defined
    RUN_ONCE = (args.multiprocessor == "mpi" and (comm_rank := MPI.COMM_WORLD.Get_rank()) == 0) or (args.multiprocessor != "mpi") or (args.multiprocessor is None)
                ^^^^
NameError: name 'args' is not defined
    RUN_ONCE = (args.multiprocessor == "mpi" and (comm_rank := MPI.COMM_WORLD.Get_rank()) == 0) or (args.multiprocessor != "mpi") or (args.multiprocessor is None)
                ^^^^
NameError: name 'args' is not defined
    RUN_ONCE = (args.multiprocessor == "mpi" and (comm_rank := MPI.COMM_WORLD.Get_rank()) == 0) or (args.multiprocessor != "mpi") or (args.multiprocessor is None)
                ^^^^
NameError: name 'args' is not defined
    RUN_ONCE = (args.multiprocessor == "mpi" and (comm_rank := MPI.COMM_WORLD.Get_rank()) == 0) or (args.multiprocessor != "mpi") or (args.multiprocessor is None)
                ^^^^
NameError: name 'args' is not defined
    RUN_ONCE = (args.multiprocessor == "mpi" and (comm_rank := MPI.COMM_WORLD.Get_rank()) == 0) or (args.multiprocessor != "mpi") or (args.multiprocessor is None)
                ^^^^
NameError: name 'args' is not defined
    RUN_ONCE = (args.multiprocessor == "mpi" and (comm_rank := MPI.COMM_WORLD.Get_rank()) == 0) or (args.multiprocessor != "mpi") or (args.multiprocessor is None)
                ^^^^
NameError: name 'args' is not defined
    RUN_ONCE = (args.multiprocessor == "mpi" and (comm_rank := MPI.COMM_WORLD.Get_rank()) == 0) or (args.multiprocessor != "mpi") or (args.multiprocessor is None)
                ^^^^
NameError: name 'args' is not defined
    RUN_ONCE = (args.multiprocessor == "mpi" and (comm_rank := MPI.COMM_WORLD.Get_rank()) == 0) or (args.multiprocessor != "mpi") or (args.multiprocessor is None)
                ^^^^
NameError: name 'args' is not defined
    RUN_ONCE = (args.multiprocessor == "mpi" and (comm_rank := MPI.COMM_WORLD.Get_rank()) == 0) or (args.multiprocessor != "mpi") or (args.multiprocessor is None)
                ^^^^
NameError: name 'args' is not defined
    RUN_ONCE = (args.multiprocessor == "mpi" and (comm_rank := MPI.COMM_WORLD.Get_rank()) == 0) or (args.multiprocessor != "mpi") or (args.multiprocessor is None)
                ^^^^
NameError: name 'args' is not defined
    RUN_ONCE = (args.multiprocessor == "mpi" and (comm_rank := MPI.COMM_WORLD.Get_rank()) == 0) or (args.multiprocessor != "mpi") or (args.multiprocessor is None)
                ^^^^
NameError: name 'args' is not defined
    RUN_ONCE = (args.multiprocessor == "mpi" and (comm_rank := MPI.COMM_WORLD.Get_rank()) == 0) or (args.multiprocessor != "mpi") or (args.multiprocessor is None)
                ^^^^
NameError: name 'args' is not defined
    RUN_ONCE = (args.multiprocessor == "mpi" and (comm_rank := MPI.COMM_WORLD.Get_rank()) == 0) or (args.multiprocessor != "mpi") or (args.multiprocessor is None)
                ^^^^
NameError: name 'args' is not defined
